<?xml version="1.0" encoding="UTF-8"?>
<testng-results ignored="0" total="1" passed="0" failed="1" skipped="0">
  <reporter-output>
    <line>
      <![CDATA[Successfull Navigation to Selenium Book - Buy Products Online at Best Price in India - All Categories | Flipkart.com]]>
    </line>
    <line>
      <![CDATA[Delivery In TimeDelivery in2 Days, Tuesday|₹40?]]>
    </line>
    <line>
      <![CDATA[Invalid Email Id and Mobile NoPlease enter valid Email ID/Mobile number]]>
    </line>
  </reporter-output>
  <suite started-at="2018-07-08T15:12:45Z" name="Default suite" finished-at="2018-07-08T15:13:16Z" duration-ms="30917">
    <groups>
    </groups>
    <test started-at="2018-07-08T15:12:45Z" name="Default test" finished-at="2018-07-08T15:13:16Z" duration-ms="30917">
      <class name="com.edureka.testscripts.FlipcartShopping">
        <test-method is-config="true" signature="OpenApp()[pri:0, instance:com.edureka.testscripts.FlipcartShopping@71def8f8]" started-at="2018-07-08T15:12:45Z" name="OpenApp" finished-at="2018-07-08T15:12:55Z" duration-ms="10208" status="PASS">
          <reporter-output>
          </reporter-output>
        </test-method> <!-- OpenApp -->
        <test-method signature="Tc01()[pri:0, instance:com.edureka.testscripts.FlipcartShopping@71def8f8]" started-at="2018-07-08T15:12:55Z" name="Tc01" finished-at="2018-07-08T15:13:15Z" duration-ms="19847" status="FAIL">
          <exception class="java.lang.AssertionError">
            <message>
              <![CDATA[null]]>
            </message>
            <full-stacktrace>
              <![CDATA[java.lang.AssertionError: null
at org.testng.Assert.fail(Assert.java:96)
at org.testng.Assert.fail(Assert.java:103)
at com.edureka.testscripts.FlipcartShopping.Tc01(FlipcartShopping.java:37)
at java.base/jdk.internal.reflect.NativeMethodAccessorImpl.invoke0(Native Method)
at java.base/jdk.internal.reflect.NativeMethodAccessorImpl.invoke(NativeMethodAccessorImpl.java:62)
at java.base/jdk.internal.reflect.DelegatingMethodAccessorImpl.invoke(DelegatingMethodAccessorImpl.java:43)
at java.base/java.lang.reflect.Method.invoke(Method.java:564)
at org.testng.internal.MethodInvocationHelper.invokeMethod(MethodInvocationHelper.java:124)
at org.testng.internal.Invoker.invokeMethod(Invoker.java:580)
at org.testng.internal.Invoker.invokeTestMethod(Invoker.java:716)
at org.testng.internal.Invoker.invokeTestMethods(Invoker.java:988)
at org.testng.internal.TestMethodWorker.invokeTestMethods(TestMethodWorker.java:125)
at org.testng.internal.TestMethodWorker.run(TestMethodWorker.java:109)
at org.testng.TestRunner.privateRun(TestRunner.java:648)
at org.testng.TestRunner.run(TestRunner.java:505)
at org.testng.SuiteRunner.runTest(SuiteRunner.java:455)
at org.testng.SuiteRunner.runSequentially(SuiteRunner.java:450)
at org.testng.SuiteRunner.privateRun(SuiteRunner.java:415)
at org.testng.SuiteRunner.run(SuiteRunner.java:364)
at org.testng.SuiteRunnerWorker.runSuite(SuiteRunnerWorker.java:52)
at org.testng.SuiteRunnerWorker.run(SuiteRunnerWorker.java:84)
at org.testng.TestNG.runSuitesSequentially(TestNG.java:1208)
at org.testng.TestNG.runSuitesLocally(TestNG.java:1137)
at org.testng.TestNG.runSuites(TestNG.java:1049)
at org.testng.TestNG.run(TestNG.java:1017)
at org.testng.remote.AbstractRemoteTestNG.run(AbstractRemoteTestNG.java:114)
at org.testng.remote.RemoteTestNG.initAndRun(RemoteTestNG.java:251)
at org.testng.remote.RemoteTestNG.main(RemoteTestNG.java:77)
]]>
            </full-stacktrace>
          </exception> <!-- java.lang.AssertionError -->
          <reporter-output>
            <line>
              <![CDATA[Successfull Navigation to Selenium Book - Buy Products Online at Best Price in India - All Categories | Flipkart.com]]>
            </line>
            <line>
              <![CDATA[Delivery In TimeDelivery in2 Days, Tuesday|₹40?]]>
            </line>
            <line>
              <![CDATA[Invalid Email Id and Mobile NoPlease enter valid Email ID/Mobile number]]>
            </line>
          </reporter-output>
        </test-method> <!-- Tc01 -->
        <test-method is-config="true" signature="closeApp()[pri:0, instance:com.edureka.testscripts.FlipcartShopping@71def8f8]" started-at="2018-07-08T15:13:15Z" name="closeApp" finished-at="2018-07-08T15:13:16Z" duration-ms="828" status="PASS">
          <reporter-output>
          </reporter-output>
        </test-method> <!-- closeApp -->
      </class> <!-- com.edureka.testscripts.FlipcartShopping -->
    </test> <!-- Default test -->
  </suite> <!-- Default suite -->
</testng-results>
